<component name="libraryTable">
  <library name="junit:junit:4.10" type="repository">
    <properties maven-id="junit:junit:4.10" />
    <CLASSES>
      <root url="jar:///media/data/javalibs/junit-4.10.jar!/" />
      <root url="jar:///media/data/javalibs/hamcrest-core-1.1.jar!/" />
    </CLASSES>
    <JAVADOC>
      <root url="jar:///media/data/javalibs/junit-4.10-javadoc.jar!/" />
    </JAVADOC>
    <SOURCES>
      <root url="jar:///media/data/javalibs/junit-4.10-sources.jar!/" />
      <root url="jar:///media/data/javalibs/hamcrest-core-1.1-sources.jar!/" />
    </SOURCES>
  </library>
</component>